app/manifest-merger-release-report.txt
-- Merging decision tree log ---
manifest
ADDED from AndroidManifest.xml:2:1
	xmlns:android
		ADDED from AndroidManifest.xml:2:11
	package
		ADDED from AndroidManifest.xml:3:5
		INJECTED from AndroidManifest.xml:0:0
		INJECTED from AndroidManifest.xml:0:0
	android:versionName
		INJECTED from AndroidManifest.xml:0:0
		INJECTED from AndroidManifest.xml:0:0
	android:versionCode
		INJECTED from AndroidManifest.xml:0:0
		INJECTED from AndroidManifest.xml:0:0
application
ADDED from AndroidManifest.xml:5:5
MERGED from io.filepicker:filepicker-android:3.7.2:14:5
MERGED from com.android.support:support-v4:21.0.2:16:5
MERGED from com.commonsware.cwac:merge:1.0.4:7:5
MERGED from com.commonsware.cwac:sacklist:1.0.1:9:5
MERGED from com.android.support:appcompat-v7:21.0.2:16:5
MERGED from com.android.support:support-v4:21.0.2:16:5
MERGED from com.getbase:floatingactionbutton:1.3.0:12:5
	android:label
		ADDED from AndroidManifest.xml:8:9
	android:allowBackup
		ADDED from AndroidManifest.xml:6:9
	android:icon
		ADDED from AndroidManifest.xml:7:9
	android:theme
		ADDED from AndroidManifest.xml:9:9
activity#io.filepicker.manager.Manager
ADDED from AndroidManifest.xml:10:9
	android:name
		ADDED from AndroidManifest.xml:10:19
service#io.filepicker.manager.services.ManagerService
ADDED from AndroidManifest.xml:14:9
	android:exported
		ADDED from AndroidManifest.xml:16:13
	android:name
		ADDED from AndroidManifest.xml:15:13
activity#io.filepicker.manager.ShareActivity
ADDED from AndroidManifest.xml:19:9
	android:label
		ADDED from AndroidManifest.xml:21:13
	android:theme
		ADDED from AndroidManifest.xml:22:13
	android:name
		ADDED from AndroidManifest.xml:20:13
intent-filter#android.intent.action.SEND+android.intent.category.DEFAULT
ADDED from AndroidManifest.xml:23:13
action#android.intent.action.SEND
ADDED from AndroidManifest.xml:24:17
	android:name
		ADDED from AndroidManifest.xml:24:25
category#android.intent.category.DEFAULT
ADDED from AndroidManifest.xml:26:17
	android:name
		ADDED from AndroidManifest.xml:26:27
data
ADDED from AndroidManifest.xml:28:17
	android:mimeType
		ADDED from AndroidManifest.xml:28:23
activity#io.filepicker.manager.getcontent.GetContentActivity
ADDED from AndroidManifest.xml:31:9
	android:label
		ADDED from AndroidManifest.xml:33:13
	android:name
		ADDED from AndroidManifest.xml:32:13
intent-filter#android.intent.action.GET_CONTENT+android.intent.category.DEFAULT+android.intent.category.OPENABLE
ADDED from AndroidManifest.xml:34:13
action#android.intent.action.GET_CONTENT
ADDED from AndroidManifest.xml:35:17
	android:name
		ADDED from AndroidManifest.xml:35:25
category#android.intent.category.OPENABLE
ADDED from AndroidManifest.xml:37:17
	android:name
		ADDED from AndroidManifest.xml:37:27
provider#io.filepicker.manager.data.ManagerProvider
ADDED from AndroidManifest.xml:44:9
	android:exported
		ADDED from AndroidManifest.xml:48:13
	android:authorities
		ADDED from AndroidManifest.xml:46:13
	android:enabled
		ADDED from AndroidManifest.xml:47:13
	android:name
		ADDED from AndroidManifest.xml:45:13
provider#android.support.v4.content.FileProvider
ADDED from AndroidManifest.xml:50:9
	android:grantUriPermissions
		ADDED from AndroidManifest.xml:54:13
	android:exported
		ADDED from AndroidManifest.xml:53:13
	android:authorities
		ADDED from AndroidManifest.xml:52:13
	android:name
		ADDED from AndroidManifest.xml:51:13
meta-data#android.support.FILE_PROVIDER_PATHS
ADDED from AndroidManifest.xml:55:13
	android:resource
		ADDED from AndroidManifest.xml:57:17
	android:name
		ADDED from AndroidManifest.xml:56:17
activity#io.filepicker.manager.SplashScreenActivity
ADDED from AndroidManifest.xml:60:9
	android:label
		ADDED from AndroidManifest.xml:63:13
	android:theme
		ADDED from AndroidManifest.xml:62:13
	android:name
		ADDED from AndroidManifest.xml:61:13
intent-filter#android.intent.action.MAIN+android.intent.category.LAUNCHER
ADDED from AndroidManifest.xml:64:13
action#android.intent.action.MAIN
ADDED from AndroidManifest.xml:65:17
	android:name
		ADDED from AndroidManifest.xml:65:25
category#android.intent.category.LAUNCHER
ADDED from AndroidManifest.xml:67:17
	android:name
		ADDED from AndroidManifest.xml:67:27
uses-sdk
INJECTED from AndroidManifest.xml:0:0 reason: use-sdk injection requested
MERGED from io.filepicker:filepicker-android:3.7.2:7:5
MERGED from com.android.support:support-v4:21.0.2:15:5
MERGED from com.commonsware.cwac:sacklist:1.0.1:7:5
MERGED from com.android.support:appcompat-v7:21.0.2:15:5
MERGED from com.android.support:support-v4:21.0.2:15:5
MERGED from com.getbase:floatingactionbutton:1.3.0:8:5
	android:targetSdkVersion
		INJECTED from AndroidManifest.xml:0:0
		INJECTED from AndroidManifest.xml:0:0
	android:minSdkVersion
		INJECTED from AndroidManifest.xml:0:0
		INJECTED from AndroidManifest.xml:0:0
uses-permission#android.permission.INTERNET
ADDED from io.filepicker:filepicker-android:3.7.2:11:5
	android:name
		ADDED from io.filepicker:filepicker-android:3.7.2:11:22
uses-permission#android.permission.WRITE_EXTERNAL_STORAGE
ADDED from io.filepicker:filepicker-android:3.7.2:12:5
	android:name
		ADDED from io.filepicker:filepicker-android:3.7.2:12:22
activity#io.filepicker.Filepicker
ADDED from io.filepicker:filepicker-android:3.7.2:15:9
	android:label
		ADDED from io.filepicker:filepicker-android:3.7.2:17:13
	android:name
		ADDED from io.filepicker:filepicker-android:3.7.2:16:13
service#io.filepicker.services.ContentService
ADDED from io.filepicker:filepicker-android:3.7.2:20:9
	android:exported
		ADDED from io.filepicker:filepicker-android:3.7.2:22:13
	android:name
		ADDED from io.filepicker:filepicker-android:3.7.2:21:13
android:uses-permission#android.permission.READ_PHONE_STATE
IMPLIED from AndroidManifest.xml:2:1 reason: com.commonsware.cwac.merge has a targetSdkVersion < 4